<?xml version="1.0" encoding="UTF-8"?>
<testng-results retried="1" ignored="0" total="2" passed="0" failed="1" skipped="0">
  <reporter-output>
  </reporter-output>
  <suite started-at="2025-08-07T11:48:04 IST" name="RegressionSuite" finished-at="2025-08-07T11:50:15 IST" duration-ms="130873">
    <groups>
    </groups>
    <test started-at="2025-08-07T11:48:04 IST" name="SellerE2EFlow" finished-at="2025-08-07T11:50:15 IST" duration-ms="130873">
      <class name="com.byzwiz.tests.FreshFoodOutlet">
        <test-method is-config="true" signature="setUp()[pri:0, instance:com.byzwiz.tests.FreshFoodOutlet@25084a1e]" started-at="2025-08-07T11:48:05 IST" name="setUp" finished-at="2025-08-07T11:48:07 IST" duration-ms="1814" status="PASS">
          <reporter-output>
          </reporter-output>
        </test-method> <!-- setUp -->
        <test-method retried="true" signature="freshFoodOutletFlow(java.lang.String,java.lang.String,java.lang.String,java.lang.String,java.lang.String,java.lang.String,java.lang.String,java.lang.String,java.lang.String)[pri:0, instance:com.byzwiz.tests.FreshFoodOutlet@25084a1e]" started-at="2025-08-07T11:48:07 IST" name="freshFoodOutletFlow" data-provider="combinedData" finished-at="2025-08-07T11:49:10 IST" duration-ms="63690" status="SKIP">
          <params>
            <param index="0">
              <value>
                <![CDATA[pravin.rohokale@byzwiz.com]]>
              </value>
            </param>
            <param index="1">
              <value>
                <![CDATA[Pravin@123]]>
              </value>
            </param>
            <param index="2">
              <value>
                <![CDATA[no]]>
              </value>
            </param>
            <param index="3">
              <value>
                <![CDATA[no]]>
              </value>
            </param>
            <param index="4">
              <value>
                <![CDATA[302, C1 misty moors]]>
              </value>
            </param>
            <param index="5">
              <value>
                <![CDATA[Kad nagar, Undri]]>
              </value>
            </param>
            <param index="6">
              <value>
                <![CDATA[411060]]>
              </value>
            </param>
            <param index="7">
              <value>
                <![CDATA[Home]]>
              </value>
            </param>
            <param index="8">
              <value>
                <![CDATA[true]]>
              </value>
            </param>
          </params>
          <exception class="java.lang.RuntimeException">
            <message>
              <![CDATA[Click failed for locator: By.xpath: //*[local-name()='svg' and @data-testid='CheckIcon']/ancestor::button]]>
            </message>
            <full-stacktrace>
              <![CDATA[java.lang.RuntimeException: Click failed for locator: By.xpath: //*[local-name()='svg' and @data-testid='CheckIcon']/ancestor::button
at com.byzwiz.utils.Helpers.waitAndClick(Helpers.java:43)
at com.byzwiz.pages.BusinessLastPage.uploadBannerAndLogo(BusinessLastPage.java:69)
at com.byzwiz.tests.FreshFoodOutlet.freshFoodOutletFlow(FreshFoodOutlet.java:48)
at java.base/jdk.internal.reflect.NativeMethodAccessorImpl.invoke0(Native Method)
at java.base/jdk.internal.reflect.NativeMethodAccessorImpl.invoke(NativeMethodAccessorImpl.java:77)
at java.base/jdk.internal.reflect.DelegatingMethodAccessorImpl.invoke(DelegatingMethodAccessorImpl.java:43)
at java.base/java.lang.reflect.Method.invoke(Method.java:568)
at org.testng.internal.MethodInvocationHelper.invokeMethod(MethodInvocationHelper.java:133)
at org.testng.internal.TestInvoker.invokeMethod(TestInvoker.java:598)
at org.testng.internal.TestInvoker.invokeTestMethod(TestInvoker.java:173)
at org.testng.internal.MethodRunner.runInSequence(MethodRunner.java:46)
at org.testng.internal.TestInvoker$MethodInvocationAgent.invoke(TestInvoker.java:824)
at org.testng.internal.TestInvoker.invokeTestMethods(TestInvoker.java:146)
at org.testng.internal.TestMethodWorker.invokeTestMethods(TestMethodWorker.java:146)
at org.testng.internal.TestMethodWorker.run(TestMethodWorker.java:128)
at java.base/java.util.ArrayList.forEach(ArrayList.java:1511)
at org.testng.TestRunner.privateRun(TestRunner.java:794)
at org.testng.TestRunner.run(TestRunner.java:596)
at org.testng.SuiteRunner.runTest(SuiteRunner.java:377)
at org.testng.SuiteRunner.runSequentially(SuiteRunner.java:371)
at org.testng.SuiteRunner.privateRun(SuiteRunner.java:332)
at org.testng.SuiteRunner.run(SuiteRunner.java:276)
at org.testng.SuiteRunnerWorker.runSuite(SuiteRunnerWorker.java:53)
at org.testng.SuiteRunnerWorker.run(SuiteRunnerWorker.java:96)
at org.testng.TestNG.runSuitesSequentially(TestNG.java:1212)
at org.testng.TestNG.runSuitesLocally(TestNG.java:1134)
at org.testng.TestNG.runSuites(TestNG.java:1063)
at org.testng.TestNG.run(TestNG.java:1031)
at org.testng.remote.AbstractRemoteTestNG.run(AbstractRemoteTestNG.java:115)
at org.testng.remote.RemoteTestNG.initAndRun(RemoteTestNG.java:251)
at org.testng.remote.RemoteTestNG.main(RemoteTestNG.java:77)
Caused by: org.openqa.selenium.TimeoutException: Expected condition failed: waiting for element to be clickable: By.xpath: //*[local-name()='svg' and @data-testid='CheckIcon']/ancestor::button (tried for 30 second(s) with 500 milliseconds interval)
Build info: version: '4.21.0', revision: '79ed462ef4'
System info: os.name: 'Windows 11', os.arch: 'amd64', os.version: '10.0', java.version: '17.0.6'
Driver info: org.openqa.selenium.chrome.ChromeDriver
Capabilities {acceptInsecureCerts: false, browserName: chrome, browserVersion: 138.0.7204.184, chrome: {chromedriverVersion: 138.0.7204.183 (e90faf484dd..., userDataDir: C:\Users\Pravin\AppData\Loc...}, fedcm:accounts: true, goog:chromeOptions: {debuggerAddress: localhost:59532}, networkConnectionEnabled: false, pageLoadStrategy: normal, platformName: windows, proxy: Proxy(), se:cdp: ws://localhost:59532/devtoo..., se:cdpVersion: 138.0.7204.184, setWindowRect: true, strictFileInteractability: false, timeouts: {implicit: 0, pageLoad: 300000, script: 30000}, unhandledPromptBehavior: dismiss and notify, webauthn:extension:credBlob: true, webauthn:extension:largeBlob: true, webauthn:extension:minPinLength: true, webauthn:extension:prf: true, webauthn:virtualAuthenticators: true}
Session ID: c5f50303ced048271ec51658348b4b60
at org.openqa.selenium.support.ui.WebDriverWait.timeoutException(WebDriverWait.java:84)
at org.openqa.selenium.support.ui.FluentWait.until(FluentWait.java:228)
at com.byzwiz.utils.Helpers.waitAndClick(Helpers.java:31)
... 30 more
]]>
            </full-stacktrace>
          </exception> <!-- java.lang.RuntimeException -->
          <reporter-output>
          </reporter-output>
        </test-method> <!-- freshFoodOutletFlow -->
        <test-method is-config="true" signature="tearDown()[pri:0, instance:com.byzwiz.tests.FreshFoodOutlet@25084a1e]" started-at="2025-08-07T11:49:10 IST" name="tearDown" finished-at="2025-08-07T11:49:11 IST" duration-ms="296" status="PASS">
          <reporter-output>
          </reporter-output>
        </test-method> <!-- tearDown -->
        <test-method is-config="true" signature="setUp()[pri:0, instance:com.byzwiz.tests.FreshFoodOutlet@25084a1e]" started-at="2025-08-07T11:49:11 IST" name="setUp" finished-at="2025-08-07T11:49:12 IST" duration-ms="898" status="PASS">
          <reporter-output>
          </reporter-output>
        </test-method> <!-- setUp -->
        <test-method signature="freshFoodOutletFlow(java.lang.String,java.lang.String,java.lang.String,java.lang.String,java.lang.String,java.lang.String,java.lang.String,java.lang.String,java.lang.String)[pri:0, instance:com.byzwiz.tests.FreshFoodOutlet@25084a1e]" started-at="2025-08-07T11:49:12 IST" name="freshFoodOutletFlow" data-provider="combinedData" finished-at="2025-08-07T11:50:14 IST" duration-ms="62492" status="FAIL">
          <params>
            <param index="0">
              <value>
                <![CDATA[pravin.rohokale@byzwiz.com]]>
              </value>
            </param>
            <param index="1">
              <value>
                <![CDATA[Pravin@123]]>
              </value>
            </param>
            <param index="2">
              <value>
                <![CDATA[no]]>
              </value>
            </param>
            <param index="3">
              <value>
                <![CDATA[no]]>
              </value>
            </param>
            <param index="4">
              <value>
                <![CDATA[302, C1 misty moors]]>
              </value>
            </param>
            <param index="5">
              <value>
                <![CDATA[Kad nagar, Undri]]>
              </value>
            </param>
            <param index="6">
              <value>
                <![CDATA[411060]]>
              </value>
            </param>
            <param index="7">
              <value>
                <![CDATA[Home]]>
              </value>
            </param>
            <param index="8">
              <value>
                <![CDATA[true]]>
              </value>
            </param>
          </params>
          <exception class="java.lang.RuntimeException">
            <message>
              <![CDATA[Click failed for locator: By.xpath: //*[local-name()='svg' and @data-testid='CheckIcon']/ancestor::button]]>
            </message>
            <full-stacktrace>
              <![CDATA[java.lang.RuntimeException: Click failed for locator: By.xpath: //*[local-name()='svg' and @data-testid='CheckIcon']/ancestor::button
at com.byzwiz.utils.Helpers.waitAndClick(Helpers.java:43)
at com.byzwiz.pages.BusinessLastPage.uploadBannerAndLogo(BusinessLastPage.java:69)
at com.byzwiz.tests.FreshFoodOutlet.freshFoodOutletFlow(FreshFoodOutlet.java:48)
at java.base/jdk.internal.reflect.NativeMethodAccessorImpl.invoke0(Native Method)
at java.base/jdk.internal.reflect.NativeMethodAccessorImpl.invoke(NativeMethodAccessorImpl.java:77)
at java.base/jdk.internal.reflect.DelegatingMethodAccessorImpl.invoke(DelegatingMethodAccessorImpl.java:43)
at java.base/java.lang.reflect.Method.invoke(Method.java:568)
at org.testng.internal.MethodInvocationHelper.invokeMethod(MethodInvocationHelper.java:133)
at org.testng.internal.TestInvoker.invokeMethod(TestInvoker.java:598)
at org.testng.internal.TestInvoker.retryFailed(TestInvoker.java:213)
at org.testng.internal.MethodRunner.runInSequence(MethodRunner.java:58)
at org.testng.internal.TestInvoker$MethodInvocationAgent.invoke(TestInvoker.java:824)
at org.testng.internal.TestInvoker.invokeTestMethods(TestInvoker.java:146)
at org.testng.internal.TestMethodWorker.invokeTestMethods(TestMethodWorker.java:146)
at org.testng.internal.TestMethodWorker.run(TestMethodWorker.java:128)
at java.base/java.util.ArrayList.forEach(ArrayList.java:1511)
at org.testng.TestRunner.privateRun(TestRunner.java:794)
at org.testng.TestRunner.run(TestRunner.java:596)
at org.testng.SuiteRunner.runTest(SuiteRunner.java:377)
at org.testng.SuiteRunner.runSequentially(SuiteRunner.java:371)
at org.testng.SuiteRunner.privateRun(SuiteRunner.java:332)
at org.testng.SuiteRunner.run(SuiteRunner.java:276)
at org.testng.SuiteRunnerWorker.runSuite(SuiteRunnerWorker.java:53)
at org.testng.SuiteRunnerWorker.run(SuiteRunnerWorker.java:96)
at org.testng.TestNG.runSuitesSequentially(TestNG.java:1212)
at org.testng.TestNG.runSuitesLocally(TestNG.java:1134)
at org.testng.TestNG.runSuites(TestNG.java:1063)
at org.testng.TestNG.run(TestNG.java:1031)
at org.testng.remote.AbstractRemoteTestNG.run(AbstractRemoteTestNG.java:115)
at org.testng.remote.RemoteTestNG.initAndRun(RemoteTestNG.java:251)
at org.testng.remote.RemoteTestNG.main(RemoteTestNG.java:77)
Caused by: org.openqa.selenium.TimeoutException: Expected condition failed: waiting for element to be clickable: By.xpath: //*[local-name()='svg' and @data-testid='CheckIcon']/ancestor::button (tried for 30 second(s) with 500 milliseconds interval)
Build info: version: '4.21.0', revision: '79ed462ef4'
System info: os.name: 'Windows 11', os.arch: 'amd64', os.version: '10.0', java.version: '17.0.6'
Driver info: org.openqa.selenium.chrome.ChromeDriver
Capabilities {acceptInsecureCerts: false, browserName: chrome, browserVersion: 138.0.7204.184, chrome: {chromedriverVersion: 138.0.7204.183 (e90faf484dd..., userDataDir: C:\Users\Pravin\AppData\Loc...}, fedcm:accounts: true, goog:chromeOptions: {debuggerAddress: localhost:59629}, networkConnectionEnabled: false, pageLoadStrategy: normal, platformName: windows, proxy: Proxy(), se:cdp: ws://localhost:59629/devtoo..., se:cdpVersion: 138.0.7204.184, setWindowRect: true, strictFileInteractability: false, timeouts: {implicit: 0, pageLoad: 300000, script: 30000}, unhandledPromptBehavior: dismiss and notify, webauthn:extension:credBlob: true, webauthn:extension:largeBlob: true, webauthn:extension:minPinLength: true, webauthn:extension:prf: true, webauthn:virtualAuthenticators: true}
Session ID: 94e5379f1edd2c2923267b9f5b3cc5db
at org.openqa.selenium.support.ui.WebDriverWait.timeoutException(WebDriverWait.java:84)
at org.openqa.selenium.support.ui.FluentWait.until(FluentWait.java:228)
at com.byzwiz.utils.Helpers.waitAndClick(Helpers.java:31)
... 30 more
]]>
            </full-stacktrace>
          </exception> <!-- java.lang.RuntimeException -->
          <reporter-output>
          </reporter-output>
        </test-method> <!-- freshFoodOutletFlow -->
        <test-method is-config="true" signature="tearDown()[pri:0, instance:com.byzwiz.tests.FreshFoodOutlet@25084a1e]" started-at="2025-08-07T11:50:14 IST" name="tearDown" finished-at="2025-08-07T11:50:15 IST" duration-ms="203" status="PASS">
          <reporter-output>
          </reporter-output>
        </test-method> <!-- tearDown -->
      </class> <!-- com.byzwiz.tests.FreshFoodOutlet -->
      <class name="com.byzwiz.tests.ReportEmailSender">
        <test-method is-config="true" signature="sendReport()[pri:0, instance:com.byzwiz.tests.ReportEmailSender@3c7f66c4]" started-at="2025-08-07T11:50:15 IST" name="sendReport" finished-at="2025-08-07T11:50:20 IST" duration-ms="4763" status="PASS">
          <reporter-output>
          </reporter-output>
        </test-method> <!-- sendReport -->
      </class> <!-- com.byzwiz.tests.ReportEmailSender -->
    </test> <!-- SellerE2EFlow -->
  </suite> <!-- RegressionSuite -->
</testng-results>
